

*******************************************************************************
Mon Dec  2 15:55:07 2024


FIT:    data read from './src/output/fortran_out.txt' using 2:3
        format = x:z
        #datapoints = 58
        residuals are weighted equally (unit weight)

function used for fitting: f(x)
	f(x) = a*x + b
fitted parameters initialized with current variable values

iter      chisq       delta/lim  lambda   a             b            
   0 1.7554045502e+17   0.00e+00  2.44e+06    1.000000e+00   1.000000e+00
   3 9.4653939832e+14  -9.80e-04  2.44e+03    1.693179e+01   1.088900e+00

After 3 iterations the fit converged.
final sum of squares of residuals : 9.46539e+14
rel. change during last iteration : -9.80462e-09

degrees of freedom    (FIT_NDF)                        : 56
rms of residuals      (FIT_STDFIT) = sqrt(WSSR/ndf)    : 4.11126e+06
variance of residuals (reduced chisquare) = WSSR/ndf   : 1.69025e+13

Final set of parameters            Asymptotic Standard Error
=======================            ==========================
a               = 16.9318          +/- 0.3125       (1.846%)
b               = 1.0889           +/- 1.076e+06    (9.885e+07%)

correlation matrix of the fit parameters:
                a      b      
a               1.000 
b              -0.865  1.000 


*******************************************************************************
Mon Dec  2 15:55:07 2024


FIT:    data read from './src/output/fortran_out_multithread.txt' using 2:3
        format = x:z
        #datapoints = 70
        residuals are weighted equally (unit weight)

function used for fitting: g(x)
	g(x) = a*x + b
fitted parameters initialized with current variable values

iter      chisq       delta/lim  lambda   a             b            
   0 1.0739963950e+16   0.00e+00  4.89e+07    1.693179e+01   1.088900e+00
   3 1.0494663936e+15  -5.63e-07  4.89e+04    1.405307e+01   1.088807e+00

After 3 iterations the fit converged.
final sum of squares of residuals : 1.04947e+15
rel. change during last iteration : -5.63155e-12

degrees of freedom    (FIT_NDF)                        : 68
rms of residuals      (FIT_STDFIT) = sqrt(WSSR/ndf)    : 3.92853e+06
variance of residuals (reduced chisquare) = WSSR/ndf   : 1.54333e+13

Final set of parameters            Asymptotic Standard Error
=======================            ==========================
a               = 14.0531          +/- 0.2321       (1.652%)
b               = 1.08881          +/- 9.487e+05    (8.713e+07%)

correlation matrix of the fit parameters:
                a      b      
a               1.000 
b              -0.869  1.000 


*******************************************************************************
Mon Dec  2 15:55:27 2024


FIT:    data read from './src/output/fortran_out.txt' using 2:3
        format = x:z
        #datapoints = 58
        residuals are weighted equally (unit weight)

function used for fitting: f(x)
	f(x) = a*x + b
fitted parameters initialized with current variable values

iter      chisq       delta/lim  lambda   a             b            
   0 1.7554045502e+17   0.00e+00  2.44e+06    1.000000e+00   1.000000e+00
   3 9.4653939832e+14  -9.80e-04  2.44e+03    1.693179e+01   1.088900e+00

After 3 iterations the fit converged.
final sum of squares of residuals : 9.46539e+14
rel. change during last iteration : -9.80462e-09

degrees of freedom    (FIT_NDF)                        : 56
rms of residuals      (FIT_STDFIT) = sqrt(WSSR/ndf)    : 4.11126e+06
variance of residuals (reduced chisquare) = WSSR/ndf   : 1.69025e+13

Final set of parameters            Asymptotic Standard Error
=======================            ==========================
a               = 16.9318          +/- 0.3125       (1.846%)
b               = 1.0889           +/- 1.076e+06    (9.885e+07%)

correlation matrix of the fit parameters:
                a      b      
a               1.000 
b              -0.865  1.000 


*******************************************************************************
Mon Dec  2 15:55:27 2024


FIT:    data read from './src/output/fortran_out_multithread.txt' using 2:3
        format = x:z
        #datapoints = 70
        residuals are weighted equally (unit weight)

function used for fitting: g(x)
	g(x) = a*x + b
fitted parameters initialized with current variable values

iter      chisq       delta/lim  lambda   a             b            
   0 1.0739963950e+16   0.00e+00  4.89e+07    1.693179e+01   1.088900e+00
   3 1.0494663936e+15  -5.63e-07  4.89e+04    1.405307e+01   1.088807e+00

After 3 iterations the fit converged.
final sum of squares of residuals : 1.04947e+15
rel. change during last iteration : -5.63155e-12

degrees of freedom    (FIT_NDF)                        : 68
rms of residuals      (FIT_STDFIT) = sqrt(WSSR/ndf)    : 3.92853e+06
variance of residuals (reduced chisquare) = WSSR/ndf   : 1.54333e+13

Final set of parameters            Asymptotic Standard Error
=======================            ==========================
a               = 14.0531          +/- 0.2321       (1.652%)
b               = 1.08881          +/- 9.487e+05    (8.713e+07%)

correlation matrix of the fit parameters:
                a      b      
a               1.000 
b              -0.869  1.000 


*******************************************************************************
Mon Dec  2 15:55:52 2024


FIT:    data read from './src/output/fortran_out.txt' using 2:3
        format = x:z
        #datapoints = 58
        residuals are weighted equally (unit weight)

function used for fitting: f(x)
	f(x) = a*x + b
fitted parameters initialized with current variable values

iter      chisq       delta/lim  lambda   a             b            
   0 1.7554045502e+17   0.00e+00  2.44e+06    1.000000e+00   1.000000e+00
   3 9.4653939832e+14  -9.80e-04  2.44e+03    1.693179e+01   1.088900e+00

After 3 iterations the fit converged.
final sum of squares of residuals : 9.46539e+14
rel. change during last iteration : -9.80462e-09

degrees of freedom    (FIT_NDF)                        : 56
rms of residuals      (FIT_STDFIT) = sqrt(WSSR/ndf)    : 4.11126e+06
variance of residuals (reduced chisquare) = WSSR/ndf   : 1.69025e+13

Final set of parameters            Asymptotic Standard Error
=======================            ==========================
a               = 16.9318          +/- 0.3125       (1.846%)
b               = 1.0889           +/- 1.076e+06    (9.885e+07%)

correlation matrix of the fit parameters:
                a      b      
a               1.000 
b              -0.865  1.000 


*******************************************************************************
Mon Dec  2 15:55:52 2024


FIT:    data read from './src/output/fortran_out_multithread.txt' using 2:3
        format = x:z
        #datapoints = 70
        residuals are weighted equally (unit weight)

function used for fitting: g(x)
	g(x) = a*x + b
fitted parameters initialized with current variable values

iter      chisq       delta/lim  lambda   a             b            
   0 1.0739963950e+16   0.00e+00  4.89e+07    1.693179e+01   1.088900e+00
   3 1.0494663936e+15  -5.63e-07  4.89e+04    1.405307e+01   1.088807e+00

After 3 iterations the fit converged.
final sum of squares of residuals : 1.04947e+15
rel. change during last iteration : -5.63155e-12

degrees of freedom    (FIT_NDF)                        : 68
rms of residuals      (FIT_STDFIT) = sqrt(WSSR/ndf)    : 3.92853e+06
variance of residuals (reduced chisquare) = WSSR/ndf   : 1.54333e+13

Final set of parameters            Asymptotic Standard Error
=======================            ==========================
a               = 14.0531          +/- 0.2321       (1.652%)
b               = 1.08881          +/- 9.487e+05    (8.713e+07%)

correlation matrix of the fit parameters:
                a      b      
a               1.000 
b              -0.869  1.000 


*******************************************************************************
Mon Dec  2 15:58:33 2024


FIT:    data read from './src/output/fortran_out.txt' using 2:3
        format = x:z
        #datapoints = 58
        residuals are weighted equally (unit weight)

function used for fitting: f(x)
	f(x) = a*x + b
fitted parameters initialized with current variable values

iter      chisq       delta/lim  lambda   a             b            
   0 1.7554045502e+17   0.00e+00  2.44e+06    1.000000e+00   1.000000e+00
   3 9.4653939832e+14  -9.80e-04  2.44e+03    1.693179e+01   1.088900e+00

After 3 iterations the fit converged.
final sum of squares of residuals : 9.46539e+14
rel. change during last iteration : -9.80462e-09

degrees of freedom    (FIT_NDF)                        : 56
rms of residuals      (FIT_STDFIT) = sqrt(WSSR/ndf)    : 4.11126e+06
variance of residuals (reduced chisquare) = WSSR/ndf   : 1.69025e+13

Final set of parameters            Asymptotic Standard Error
=======================            ==========================
a               = 16.9318          +/- 0.3125       (1.846%)
b               = 1.0889           +/- 1.076e+06    (9.885e+07%)

correlation matrix of the fit parameters:
                a      b      
a               1.000 
b              -0.865  1.000 


*******************************************************************************
Mon Dec  2 15:58:33 2024


FIT:    data read from './src/output/fortran_out_multithread.txt' using 2:3
        format = x:z
        #datapoints = 70
        residuals are weighted equally (unit weight)

function used for fitting: g(x)
	g(x) = a*x + b
fitted parameters initialized with current variable values

iter      chisq       delta/lim  lambda   a             b            
   0 1.0739963950e+16   0.00e+00  4.89e+07    1.693179e+01   1.088900e+00
   3 1.0494663936e+15  -5.63e-07  4.89e+04    1.405307e+01   1.088807e+00

After 3 iterations the fit converged.
final sum of squares of residuals : 1.04947e+15
rel. change during last iteration : -5.63155e-12

degrees of freedom    (FIT_NDF)                        : 68
rms of residuals      (FIT_STDFIT) = sqrt(WSSR/ndf)    : 3.92853e+06
variance of residuals (reduced chisquare) = WSSR/ndf   : 1.54333e+13

Final set of parameters            Asymptotic Standard Error
=======================            ==========================
a               = 14.0531          +/- 0.2321       (1.652%)
b               = 1.08881          +/- 9.487e+05    (8.713e+07%)

correlation matrix of the fit parameters:
                a      b      
a               1.000 
b              -0.869  1.000 


*******************************************************************************
Mon Dec  2 15:58:48 2024


FIT:    data read from './src/output/fortran_out.txt' using 2:3
        format = x:z
        #datapoints = 58
        residuals are weighted equally (unit weight)

function used for fitting: f(x)
	f(x) = a*x + b
fitted parameters initialized with current variable values

iter      chisq       delta/lim  lambda   a             b            
   0 1.7554045502e+17   0.00e+00  2.44e+06    1.000000e+00   1.000000e+00
   3 9.4653939832e+14  -9.80e-04  2.44e+03    1.693179e+01   1.088900e+00

After 3 iterations the fit converged.
final sum of squares of residuals : 9.46539e+14
rel. change during last iteration : -9.80462e-09

degrees of freedom    (FIT_NDF)                        : 56
rms of residuals      (FIT_STDFIT) = sqrt(WSSR/ndf)    : 4.11126e+06
variance of residuals (reduced chisquare) = WSSR/ndf   : 1.69025e+13

Final set of parameters            Asymptotic Standard Error
=======================            ==========================
a               = 16.9318          +/- 0.3125       (1.846%)
b               = 1.0889           +/- 1.076e+06    (9.885e+07%)

correlation matrix of the fit parameters:
                a      b      
a               1.000 
b              -0.865  1.000 


*******************************************************************************
Mon Dec  2 15:58:48 2024


FIT:    data read from './src/output/fortran_out_multithread.txt' using 2:3
        format = x:z
        #datapoints = 70
        residuals are weighted equally (unit weight)

function used for fitting: g(x)
	g(x) = a*x + b
fitted parameters initialized with current variable values

iter      chisq       delta/lim  lambda   a             b            
   0 1.0739963950e+16   0.00e+00  4.89e+07    1.693179e+01   1.088900e+00
   3 1.0494663936e+15  -5.63e-07  4.89e+04    1.405307e+01   1.088807e+00

After 3 iterations the fit converged.
final sum of squares of residuals : 1.04947e+15
rel. change during last iteration : -5.63155e-12

degrees of freedom    (FIT_NDF)                        : 68
rms of residuals      (FIT_STDFIT) = sqrt(WSSR/ndf)    : 3.92853e+06
variance of residuals (reduced chisquare) = WSSR/ndf   : 1.54333e+13

Final set of parameters            Asymptotic Standard Error
=======================            ==========================
a               = 14.0531          +/- 0.2321       (1.652%)
b               = 1.08881          +/- 9.487e+05    (8.713e+07%)

correlation matrix of the fit parameters:
                a      b      
a               1.000 
b              -0.869  1.000 


*******************************************************************************
Mon Dec  2 16:04:20 2024


FIT:    data read from './src/output/fortran_out.txt' using 2:3
        format = x:z
        #datapoints = 58
        residuals are weighted equally (unit weight)

function used for fitting: f(x)
	f(x) = a*x + b
fitted parameters initialized with current variable values

iter      chisq       delta/lim  lambda   a             b            
   0 1.7554045502e+17   0.00e+00  2.44e+06    1.000000e+00   1.000000e+00
   3 9.4653939832e+14  -9.80e-04  2.44e+03    1.693179e+01   1.088900e+00

After 3 iterations the fit converged.
final sum of squares of residuals : 9.46539e+14
rel. change during last iteration : -9.80462e-09

degrees of freedom    (FIT_NDF)                        : 56
rms of residuals      (FIT_STDFIT) = sqrt(WSSR/ndf)    : 4.11126e+06
variance of residuals (reduced chisquare) = WSSR/ndf   : 1.69025e+13

Final set of parameters            Asymptotic Standard Error
=======================            ==========================
a               = 16.9318          +/- 0.3125       (1.846%)
b               = 1.0889           +/- 1.076e+06    (9.885e+07%)

correlation matrix of the fit parameters:
                a      b      
a               1.000 
b              -0.865  1.000 


*******************************************************************************
Mon Dec  2 16:04:20 2024


FIT:    data read from './src/output/fortran_out_multithread.txt' using 2:3
        format = x:z
        #datapoints = 70
        residuals are weighted equally (unit weight)

function used for fitting: g(x)
	g(x) = a*x + b
fitted parameters initialized with current variable values

iter      chisq       delta/lim  lambda   a             b            
   0 1.0739963950e+16   0.00e+00  4.89e+07    1.693179e+01   1.088900e+00
   3 1.0494663936e+15  -5.63e-07  4.89e+04    1.405307e+01   1.088807e+00

After 3 iterations the fit converged.
final sum of squares of residuals : 1.04947e+15
rel. change during last iteration : -5.63155e-12

degrees of freedom    (FIT_NDF)                        : 68
rms of residuals      (FIT_STDFIT) = sqrt(WSSR/ndf)    : 3.92853e+06
variance of residuals (reduced chisquare) = WSSR/ndf   : 1.54333e+13

Final set of parameters            Asymptotic Standard Error
=======================            ==========================
a               = 14.0531          +/- 0.2321       (1.652%)
b               = 1.08881          +/- 9.487e+05    (8.713e+07%)

correlation matrix of the fit parameters:
                a      b      
a               1.000 
b              -0.869  1.000 


*******************************************************************************
Mon Dec  2 16:04:39 2024


FIT:    data read from './src/output/fortran_out.txt' using 2:3
        format = x:z
        #datapoints = 58
        residuals are weighted equally (unit weight)

function used for fitting: f(x)
	f(x) = a*x + b
fitted parameters initialized with current variable values

iter      chisq       delta/lim  lambda   a             b            
   0 1.7554045502e+17   0.00e+00  2.44e+06    1.000000e+00   1.000000e+00
   3 9.4653939832e+14  -9.80e-04  2.44e+03    1.693179e+01   1.088900e+00

After 3 iterations the fit converged.
final sum of squares of residuals : 9.46539e+14
rel. change during last iteration : -9.80462e-09

degrees of freedom    (FIT_NDF)                        : 56
rms of residuals      (FIT_STDFIT) = sqrt(WSSR/ndf)    : 4.11126e+06
variance of residuals (reduced chisquare) = WSSR/ndf   : 1.69025e+13

Final set of parameters            Asymptotic Standard Error
=======================            ==========================
a               = 16.9318          +/- 0.3125       (1.846%)
b               = 1.0889           +/- 1.076e+06    (9.885e+07%)

correlation matrix of the fit parameters:
                a      b      
a               1.000 
b              -0.865  1.000 


*******************************************************************************
Mon Dec  2 16:04:39 2024


FIT:    data read from './src/output/fortran_out_multithread.txt' using 2:3
        format = x:z
        #datapoints = 70
        residuals are weighted equally (unit weight)

function used for fitting: g(x)
	g(x) = a*x + b
fitted parameters initialized with current variable values

iter      chisq       delta/lim  lambda   a             b            
   0 1.0739963950e+16   0.00e+00  4.89e+07    1.693179e+01   1.088900e+00
   3 1.0494663936e+15  -5.63e-07  4.89e+04    1.405307e+01   1.088807e+00

After 3 iterations the fit converged.
final sum of squares of residuals : 1.04947e+15
rel. change during last iteration : -5.63155e-12

degrees of freedom    (FIT_NDF)                        : 68
rms of residuals      (FIT_STDFIT) = sqrt(WSSR/ndf)    : 3.92853e+06
variance of residuals (reduced chisquare) = WSSR/ndf   : 1.54333e+13

Final set of parameters            Asymptotic Standard Error
=======================            ==========================
a               = 14.0531          +/- 0.2321       (1.652%)
b               = 1.08881          +/- 9.487e+05    (8.713e+07%)

correlation matrix of the fit parameters:
                a      b      
a               1.000 
b              -0.869  1.000 


*******************************************************************************
Mon Dec  2 16:05:32 2024


FIT:    data read from './src/output/fortran_out.txt' using 2:3
        format = x:z
        #datapoints = 58
        residuals are weighted equally (unit weight)

function used for fitting: f(x)
	f(x) = a*x + b
fitted parameters initialized with current variable values

iter      chisq       delta/lim  lambda   a             b            
   0 1.7554045502e+17   0.00e+00  2.44e+06    1.000000e+00   1.000000e+00
   3 9.4653939832e+14  -9.80e-04  2.44e+03    1.693179e+01   1.088900e+00

After 3 iterations the fit converged.
final sum of squares of residuals : 9.46539e+14
rel. change during last iteration : -9.80462e-09

degrees of freedom    (FIT_NDF)                        : 56
rms of residuals      (FIT_STDFIT) = sqrt(WSSR/ndf)    : 4.11126e+06
variance of residuals (reduced chisquare) = WSSR/ndf   : 1.69025e+13

Final set of parameters            Asymptotic Standard Error
=======================            ==========================
a               = 16.9318          +/- 0.3125       (1.846%)
b               = 1.0889           +/- 1.076e+06    (9.885e+07%)

correlation matrix of the fit parameters:
                a      b      
a               1.000 
b              -0.865  1.000 


*******************************************************************************
Mon Dec  2 16:05:32 2024


FIT:    data read from './src/output/fortran_out_multithread.txt' using 2:3
        format = x:z
        #datapoints = 70
        residuals are weighted equally (unit weight)

function used for fitting: g(x)
	g(x) = a*x + b
fitted parameters initialized with current variable values

iter      chisq       delta/lim  lambda   a             b            
   0 1.0739963950e+16   0.00e+00  4.89e+07    1.693179e+01   1.088900e+00
   3 1.0494663936e+15  -5.63e-07  4.89e+04    1.405307e+01   1.088807e+00

After 3 iterations the fit converged.
final sum of squares of residuals : 1.04947e+15
rel. change during last iteration : -5.63155e-12

degrees of freedom    (FIT_NDF)                        : 68
rms of residuals      (FIT_STDFIT) = sqrt(WSSR/ndf)    : 3.92853e+06
variance of residuals (reduced chisquare) = WSSR/ndf   : 1.54333e+13

Final set of parameters            Asymptotic Standard Error
=======================            ==========================
a               = 14.0531          +/- 0.2321       (1.652%)
b               = 1.08881          +/- 9.487e+05    (8.713e+07%)

correlation matrix of the fit parameters:
                a      b      
a               1.000 
b              -0.869  1.000 


*******************************************************************************
Mon Dec  2 17:14:28 2024


FIT:    data read from './src/output/fortran_out.txt' using 2:3
        format = t:z
        #datapoints = 58
        residuals are weighted equally (unit weight)

function used for fitting: f(x)
	f(x) = a*x + b
fitted parameters initialized with current variable values



*******************************************************************************
Mon Dec  2 17:14:28 2024


FIT:    data read from './src/output/fortran_out_multithread.txt' using 2:3
        format = t:z
        #datapoints = 70
        residuals are weighted equally (unit weight)

function used for fitting: g(x)
	g(x) = a*x + b
fitted parameters initialized with current variable values



*******************************************************************************
Mon Dec  2 17:14:52 2024


FIT:    data read from './src/output/fortran_out.txt' using 2:3
        format = x:z
        #datapoints = 58
        residuals are weighted equally (unit weight)

function used for fitting: f(x)
	f(x) = a*x + b
fitted parameters initialized with current variable values

iter      chisq       delta/lim  lambda   a             b            
   0 1.7554045502e+17   0.00e+00  2.44e+06    1.000000e+00   1.000000e+00
   3 9.4653939832e+14  -9.80e-04  2.44e+03    1.693179e+01   1.088900e+00

After 3 iterations the fit converged.
final sum of squares of residuals : 9.46539e+14
rel. change during last iteration : -9.80462e-09

degrees of freedom    (FIT_NDF)                        : 56
rms of residuals      (FIT_STDFIT) = sqrt(WSSR/ndf)    : 4.11126e+06
variance of residuals (reduced chisquare) = WSSR/ndf   : 1.69025e+13

Final set of parameters            Asymptotic Standard Error
=======================            ==========================
a               = 16.9318          +/- 0.3125       (1.846%)
b               = 1.0889           +/- 1.076e+06    (9.885e+07%)

correlation matrix of the fit parameters:
                a      b      
a               1.000 
b              -0.865  1.000 


*******************************************************************************
Mon Dec  2 17:14:52 2024


FIT:    data read from './src/output/fortran_out_multithread.txt' using 2:3
        format = x:z
        #datapoints = 70
        residuals are weighted equally (unit weight)

function used for fitting: g(x)
	g(x) = a*x + b
fitted parameters initialized with current variable values

iter      chisq       delta/lim  lambda   a             b            
   0 1.0739963950e+16   0.00e+00  4.89e+07    1.693179e+01   1.088900e+00
   3 1.0494663936e+15  -5.63e-07  4.89e+04    1.405307e+01   1.088807e+00

After 3 iterations the fit converged.
final sum of squares of residuals : 1.04947e+15
rel. change during last iteration : -5.63155e-12

degrees of freedom    (FIT_NDF)                        : 68
rms of residuals      (FIT_STDFIT) = sqrt(WSSR/ndf)    : 3.92853e+06
variance of residuals (reduced chisquare) = WSSR/ndf   : 1.54333e+13

Final set of parameters            Asymptotic Standard Error
=======================            ==========================
a               = 14.0531          +/- 0.2321       (1.652%)
b               = 1.08881          +/- 9.487e+05    (8.713e+07%)

correlation matrix of the fit parameters:
                a      b      
a               1.000 
b              -0.869  1.000 


*******************************************************************************
Mon Dec  2 17:15:58 2024


FIT:    data read from './src/output/fortran_out.txt' using 2:3
        format = x:z
        #datapoints = 58
        residuals are weighted equally (unit weight)

function used for fitting: f(x)
	f(x) = a*x + b
fitted parameters initialized with current variable values

iter      chisq       delta/lim  lambda   a             b            
   0 1.7554045502e+17   0.00e+00  2.44e+06    1.000000e+00   1.000000e+00
   3 9.4653939832e+14  -9.80e-04  2.44e+03    1.693179e+01   1.088900e+00

After 3 iterations the fit converged.
final sum of squares of residuals : 9.46539e+14
rel. change during last iteration : -9.80462e-09

degrees of freedom    (FIT_NDF)                        : 56
rms of residuals      (FIT_STDFIT) = sqrt(WSSR/ndf)    : 4.11126e+06
variance of residuals (reduced chisquare) = WSSR/ndf   : 1.69025e+13

Final set of parameters            Asymptotic Standard Error
=======================            ==========================
a               = 16.9318          +/- 0.3125       (1.846%)
b               = 1.0889           +/- 1.076e+06    (9.885e+07%)

correlation matrix of the fit parameters:
                a      b      
a               1.000 
b              -0.865  1.000 


*******************************************************************************
Mon Dec  2 17:15:58 2024


FIT:    data read from './src/output/fortran_out_multithread.txt' using 2:3
        format = x:z
        #datapoints = 70
        residuals are weighted equally (unit weight)

function used for fitting: g(x)
	g(x) = a*x + b
fitted parameters initialized with current variable values

iter      chisq       delta/lim  lambda   a             b            
   0 1.0739963950e+16   0.00e+00  4.89e+07    1.693179e+01   1.088900e+00
   3 1.0494663936e+15  -5.63e-07  4.89e+04    1.405307e+01   1.088807e+00

After 3 iterations the fit converged.
final sum of squares of residuals : 1.04947e+15
rel. change during last iteration : -5.63155e-12

degrees of freedom    (FIT_NDF)                        : 68
rms of residuals      (FIT_STDFIT) = sqrt(WSSR/ndf)    : 3.92853e+06
variance of residuals (reduced chisquare) = WSSR/ndf   : 1.54333e+13

Final set of parameters            Asymptotic Standard Error
=======================            ==========================
a               = 14.0531          +/- 0.2321       (1.652%)
b               = 1.08881          +/- 9.487e+05    (8.713e+07%)

correlation matrix of the fit parameters:
                a      b      
a               1.000 
b              -0.869  1.000 


*******************************************************************************
Mon Dec  2 17:16:10 2024


FIT:    data read from './src/output/fortran_out.txt' using 2:3
        format = x:z
        #datapoints = 58
        residuals are weighted equally (unit weight)

function used for fitting: f(x)
	f(x) = a*x + b
fitted parameters initialized with current variable values

iter      chisq       delta/lim  lambda   a             b            
   0 1.7554045502e+17   0.00e+00  2.44e+06    1.000000e+00   1.000000e+00
   3 9.4653939832e+14  -9.80e-04  2.44e+03    1.693179e+01   1.088900e+00

After 3 iterations the fit converged.
final sum of squares of residuals : 9.46539e+14
rel. change during last iteration : -9.80462e-09

degrees of freedom    (FIT_NDF)                        : 56
rms of residuals      (FIT_STDFIT) = sqrt(WSSR/ndf)    : 4.11126e+06
variance of residuals (reduced chisquare) = WSSR/ndf   : 1.69025e+13

Final set of parameters            Asymptotic Standard Error
=======================            ==========================
a               = 16.9318          +/- 0.3125       (1.846%)
b               = 1.0889           +/- 1.076e+06    (9.885e+07%)

correlation matrix of the fit parameters:
                a      b      
a               1.000 
b              -0.865  1.000 


*******************************************************************************
Mon Dec  2 17:16:10 2024


FIT:    data read from './src/output/fortran_out_multithread.txt' using 2:3
        format = x:z
        #datapoints = 70
        residuals are weighted equally (unit weight)

function used for fitting: g(x)
	g(x) = a*x + b
fitted parameters initialized with current variable values

iter      chisq       delta/lim  lambda   a             b            
   0 1.0739963950e+16   0.00e+00  4.89e+07    1.693179e+01   1.088900e+00
   3 1.0494663936e+15  -5.63e-07  4.89e+04    1.405307e+01   1.088807e+00

After 3 iterations the fit converged.
final sum of squares of residuals : 1.04947e+15
rel. change during last iteration : -5.63155e-12

degrees of freedom    (FIT_NDF)                        : 68
rms of residuals      (FIT_STDFIT) = sqrt(WSSR/ndf)    : 3.92853e+06
variance of residuals (reduced chisquare) = WSSR/ndf   : 1.54333e+13

Final set of parameters            Asymptotic Standard Error
=======================            ==========================
a               = 14.0531          +/- 0.2321       (1.652%)
b               = 1.08881          +/- 9.487e+05    (8.713e+07%)

correlation matrix of the fit parameters:
                a      b      
a               1.000 
b              -0.869  1.000 


*******************************************************************************
Mon Dec  2 17:25:58 2024


FIT:    data read from './src/output/fortran_out.txt' using 2:3
        format = x:z
        #datapoints = 58
        residuals are weighted equally (unit weight)

function used for fitting: f(x)
	f(x) = a*x + b
fitted parameters initialized with current variable values

iter      chisq       delta/lim  lambda   a             b            
   0 1.7554045502e+17   0.00e+00  2.44e+06    1.000000e+00   1.000000e+00
   3 9.4653939832e+14  -9.80e-04  2.44e+03    1.693179e+01   1.088900e+00

After 3 iterations the fit converged.
final sum of squares of residuals : 9.46539e+14
rel. change during last iteration : -9.80462e-09

degrees of freedom    (FIT_NDF)                        : 56
rms of residuals      (FIT_STDFIT) = sqrt(WSSR/ndf)    : 4.11126e+06
variance of residuals (reduced chisquare) = WSSR/ndf   : 1.69025e+13

Final set of parameters            Asymptotic Standard Error
=======================            ==========================
a               = 16.9318          +/- 0.3125       (1.846%)
b               = 1.0889           +/- 1.076e+06    (9.885e+07%)

correlation matrix of the fit parameters:
                a      b      
a               1.000 
b              -0.865  1.000 


*******************************************************************************
Mon Dec  2 17:25:59 2024


FIT:    data read from './src/output/fortran_out_multithread.txt' using 2:3
        format = x:z
        #datapoints = 70
        residuals are weighted equally (unit weight)

function used for fitting: g(x)
	g(x) = a*x + b
fitted parameters initialized with current variable values

iter      chisq       delta/lim  lambda   a             b            
   0 1.0739963950e+16   0.00e+00  4.89e+07    1.693179e+01   1.088900e+00
   3 1.0494663936e+15  -5.63e-07  4.89e+04    1.405307e+01   1.088807e+00

After 3 iterations the fit converged.
final sum of squares of residuals : 1.04947e+15
rel. change during last iteration : -5.63155e-12

degrees of freedom    (FIT_NDF)                        : 68
rms of residuals      (FIT_STDFIT) = sqrt(WSSR/ndf)    : 3.92853e+06
variance of residuals (reduced chisquare) = WSSR/ndf   : 1.54333e+13

Final set of parameters            Asymptotic Standard Error
=======================            ==========================
a               = 14.0531          +/- 0.2321       (1.652%)
b               = 1.08881          +/- 9.487e+05    (8.713e+07%)

correlation matrix of the fit parameters:
                a      b      
a               1.000 
b              -0.869  1.000 


*******************************************************************************
Mon Dec  2 17:26:47 2024


FIT:    data read from './src/output/fortran_out.txt' using 2:3
        format = x:z
        #datapoints = 58
        residuals are weighted equally (unit weight)

function used for fitting: f(x)
	f(x) = a*x + b
fitted parameters initialized with current variable values

iter      chisq       delta/lim  lambda   a             b            
   0 1.7554045502e+17   0.00e+00  2.44e+06    1.000000e+00   1.000000e+00
   3 9.4653939832e+14  -9.80e-04  2.44e+03    1.693179e+01   1.088900e+00

After 3 iterations the fit converged.
final sum of squares of residuals : 9.46539e+14
rel. change during last iteration : -9.80462e-09

degrees of freedom    (FIT_NDF)                        : 56
rms of residuals      (FIT_STDFIT) = sqrt(WSSR/ndf)    : 4.11126e+06
variance of residuals (reduced chisquare) = WSSR/ndf   : 1.69025e+13

Final set of parameters            Asymptotic Standard Error
=======================            ==========================
a               = 16.9318          +/- 0.3125       (1.846%)
b               = 1.0889           +/- 1.076e+06    (9.885e+07%)

correlation matrix of the fit parameters:
                a      b      
a               1.000 
b              -0.865  1.000 


*******************************************************************************
Mon Dec  2 17:26:47 2024


FIT:    data read from './src/output/fortran_out_multithread.txt' using 2:3
        format = x:z
        #datapoints = 70
        residuals are weighted equally (unit weight)

function used for fitting: g(x)
	g(x) = a*x + b
fitted parameters initialized with current variable values

iter      chisq       delta/lim  lambda   a             b            
   0 1.0739963950e+16   0.00e+00  4.89e+07    1.693179e+01   1.088900e+00
   3 1.0494663936e+15  -5.63e-07  4.89e+04    1.405307e+01   1.088807e+00

After 3 iterations the fit converged.
final sum of squares of residuals : 1.04947e+15
rel. change during last iteration : -5.63155e-12

degrees of freedom    (FIT_NDF)                        : 68
rms of residuals      (FIT_STDFIT) = sqrt(WSSR/ndf)    : 3.92853e+06
variance of residuals (reduced chisquare) = WSSR/ndf   : 1.54333e+13

Final set of parameters            Asymptotic Standard Error
=======================            ==========================
a               = 14.0531          +/- 0.2321       (1.652%)
b               = 1.08881          +/- 9.487e+05    (8.713e+07%)

correlation matrix of the fit parameters:
                a      b      
a               1.000 
b              -0.869  1.000 


*******************************************************************************
Mon Dec  2 17:27:14 2024


FIT:    data read from './src/output/fortran_out.txt' using 2:3
        format = x:z
        #datapoints = 58
        residuals are weighted equally (unit weight)

function used for fitting: f(x)
	f(x) = a*x + b
fitted parameters initialized with current variable values

iter      chisq       delta/lim  lambda   a             b            
   0 1.7554045502e+17   0.00e+00  2.44e+06    1.000000e+00   1.000000e+00
   3 9.4653939832e+14  -9.80e-04  2.44e+03    1.693179e+01   1.088900e+00

After 3 iterations the fit converged.
final sum of squares of residuals : 9.46539e+14
rel. change during last iteration : -9.80462e-09

degrees of freedom    (FIT_NDF)                        : 56
rms of residuals      (FIT_STDFIT) = sqrt(WSSR/ndf)    : 4.11126e+06
variance of residuals (reduced chisquare) = WSSR/ndf   : 1.69025e+13

Final set of parameters            Asymptotic Standard Error
=======================            ==========================
a               = 16.9318          +/- 0.3125       (1.846%)
b               = 1.0889           +/- 1.076e+06    (9.885e+07%)

correlation matrix of the fit parameters:
                a      b      
a               1.000 
b              -0.865  1.000 


*******************************************************************************
Mon Dec  2 17:27:14 2024


FIT:    data read from './src/output/fortran_out_multithread.txt' using 2:3
        format = x:z
        #datapoints = 70
        residuals are weighted equally (unit weight)

function used for fitting: g(x)
	g(x) = a*x + b
fitted parameters initialized with current variable values

iter      chisq       delta/lim  lambda   a             b            
   0 1.0739963950e+16   0.00e+00  4.89e+07    1.693179e+01   1.088900e+00
   3 1.0494663936e+15  -5.63e-07  4.89e+04    1.405307e+01   1.088807e+00

After 3 iterations the fit converged.
final sum of squares of residuals : 1.04947e+15
rel. change during last iteration : -5.63155e-12

degrees of freedom    (FIT_NDF)                        : 68
rms of residuals      (FIT_STDFIT) = sqrt(WSSR/ndf)    : 3.92853e+06
variance of residuals (reduced chisquare) = WSSR/ndf   : 1.54333e+13

Final set of parameters            Asymptotic Standard Error
=======================            ==========================
a               = 14.0531          +/- 0.2321       (1.652%)
b               = 1.08881          +/- 9.487e+05    (8.713e+07%)

correlation matrix of the fit parameters:
                a      b      
a               1.000 
b              -0.869  1.000 


*******************************************************************************
Mon Dec  2 17:27:46 2024


FIT:    data read from './src/output/fortran_out.txt' using 2:3
        format = x:z
        #datapoints = 58
        residuals are weighted equally (unit weight)

function used for fitting: f(x)
	f(x) = a*x + b
fitted parameters initialized with current variable values

iter      chisq       delta/lim  lambda   a             b            
   0 1.7554045502e+17   0.00e+00  2.44e+06    1.000000e+00   1.000000e+00
   3 9.4653939832e+14  -9.80e-04  2.44e+03    1.693179e+01   1.088900e+00

After 3 iterations the fit converged.
final sum of squares of residuals : 9.46539e+14
rel. change during last iteration : -9.80462e-09

degrees of freedom    (FIT_NDF)                        : 56
rms of residuals      (FIT_STDFIT) = sqrt(WSSR/ndf)    : 4.11126e+06
variance of residuals (reduced chisquare) = WSSR/ndf   : 1.69025e+13

Final set of parameters            Asymptotic Standard Error
=======================            ==========================
a               = 16.9318          +/- 0.3125       (1.846%)
b               = 1.0889           +/- 1.076e+06    (9.885e+07%)

correlation matrix of the fit parameters:
                a      b      
a               1.000 
b              -0.865  1.000 


*******************************************************************************
Mon Dec  2 17:27:46 2024


FIT:    data read from './src/output/fortran_out_multithread.txt' using 2:3
        format = x:z
        #datapoints = 70
        residuals are weighted equally (unit weight)

function used for fitting: g(x)
	g(x) = c*x + d
fitted parameters initialized with current variable values

iter      chisq       delta/lim  lambda   c             d            
   0 2.0028815373e+17   0.00e+00  2.89e+06    1.000000e+00   1.000000e+00
   3 1.0494663894e+15  -8.38e-05  2.89e+03    1.405307e+01   9.775170e-01

After 3 iterations the fit converged.
final sum of squares of residuals : 1.04947e+15
rel. change during last iteration : -8.3752e-10

degrees of freedom    (FIT_NDF)                        : 68
rms of residuals      (FIT_STDFIT) = sqrt(WSSR/ndf)    : 3.92853e+06
variance of residuals (reduced chisquare) = WSSR/ndf   : 1.54333e+13

Final set of parameters            Asymptotic Standard Error
=======================            ==========================
c               = 14.0531          +/- 0.2321       (1.652%)
d               = 0.977517         +/- 9.487e+05    (9.705e+07%)

correlation matrix of the fit parameters:
                c      d      
c               1.000 
d              -0.869  1.000 


*******************************************************************************
Mon Dec  2 17:37:02 2024


FIT:    data read from './src/output/fortran_out.txt' using (p($1)):3
        format = x:z
        #datapoints = 58
        residuals are weighted equally (unit weight)

function used for fitting: f(x)
	f(x) = a * exp(b * x)
fitted parameters initialized with current variable values

iter      chisq       delta/lim  lambda   a             b            
   0 1.9814599471e+17   0.00e+00  7.08e-01    1.000000e+00   1.000000e+00
  21 3.4945532146e+16  -9.52e-03  7.08e-05    6.969391e+07  -4.330058e+02

After 21 iterations the fit converged.
final sum of squares of residuals : 3.49455e+16
rel. change during last iteration : -9.51972e-08

degrees of freedom    (FIT_NDF)                        : 56
rms of residuals      (FIT_STDFIT) = sqrt(WSSR/ndf)    : 2.49805e+07
variance of residuals (reduced chisquare) = WSSR/ndf   : 6.24027e+14

Final set of parameters            Asymptotic Standard Error
=======================            ==========================
a               = 6.96939e+07      +/- 6.381e+06    (9.155%)
b               = -433.006         +/- 134.1        (30.97%)

correlation matrix of the fit parameters:
                a      b      
a               1.000 
b              -0.737  1.000 


*******************************************************************************
Mon Dec  2 17:37:02 2024


FIT:    data read from './src/output/fortran_out_multithread.txt' using (p($1)):3
        format = x:z
        #datapoints = 70
        residuals are weighted equally (unit weight)

function used for fitting: g(x)
	g(x) = c * exp(d * x)
fitted parameters initialized with current variable values

iter      chisq       delta/lim  lambda   c             d            
   0 2.3198499324e+17   0.00e+00  7.08e-01    1.000000e+00   1.000000e+00
  54 4.9599711138e+16  -7.97e-01  7.08e-06    6.325647e+07  -3.137610e+02

After 54 iterations the fit converged.
final sum of squares of residuals : 4.95997e+16
rel. change during last iteration : -7.96912e-06

degrees of freedom    (FIT_NDF)                        : 68
rms of residuals      (FIT_STDFIT) = sqrt(WSSR/ndf)    : 2.70075e+07
variance of residuals (reduced chisquare) = WSSR/ndf   : 7.29408e+14

Final set of parameters            Asymptotic Standard Error
=======================            ==========================
c               = 6.32565e+07      +/- 5.874e+06    (9.286%)
d               = -313.761         +/- 121.1        (38.6%)

correlation matrix of the fit parameters:
                c      d      
c               1.000 
d              -0.732  1.000 


*******************************************************************************
Mon Dec  2 17:37:37 2024


FIT:    data read from './src/output/fortran_out.txt' using (p($1)):3
        format = x:z
        #datapoints = 58
        residuals are weighted equally (unit weight)

function used for fitting: f(x)
	f(x) = a * exp(b * x)
fitted parameters initialized with current variable values

iter      chisq       delta/lim  lambda   a             b            
   0 1.9814599471e+17   0.00e+00  7.08e-01    1.000000e+00   1.000000e+00
  21 3.4945532146e+16  -9.52e-03  7.08e-05    6.969391e+07  -4.330058e+02

After 21 iterations the fit converged.
final sum of squares of residuals : 3.49455e+16
rel. change during last iteration : -9.51972e-08

degrees of freedom    (FIT_NDF)                        : 56
rms of residuals      (FIT_STDFIT) = sqrt(WSSR/ndf)    : 2.49805e+07
variance of residuals (reduced chisquare) = WSSR/ndf   : 6.24027e+14

Final set of parameters            Asymptotic Standard Error
=======================            ==========================
a               = 6.96939e+07      +/- 6.381e+06    (9.155%)
b               = -433.006         +/- 134.1        (30.97%)

correlation matrix of the fit parameters:
                a      b      
a               1.000 
b              -0.737  1.000 


*******************************************************************************
Mon Dec  2 17:37:37 2024


FIT:    data read from './src/output/fortran_out_multithread.txt' using (p($1)):3
        format = x:z
        #datapoints = 70
        residuals are weighted equally (unit weight)

function used for fitting: g(x)
	g(x) = c * exp(d * x)
fitted parameters initialized with current variable values

iter      chisq       delta/lim  lambda   c             d            
   0 2.3198499324e+17   0.00e+00  7.08e-01    1.000000e+00   1.000000e+00
  54 4.9599711138e+16  -7.97e-01  7.08e-06    6.325647e+07  -3.137610e+02

After 54 iterations the fit converged.
final sum of squares of residuals : 4.95997e+16
rel. change during last iteration : -7.96912e-06

degrees of freedom    (FIT_NDF)                        : 68
rms of residuals      (FIT_STDFIT) = sqrt(WSSR/ndf)    : 2.70075e+07
variance of residuals (reduced chisquare) = WSSR/ndf   : 7.29408e+14

Final set of parameters            Asymptotic Standard Error
=======================            ==========================
c               = 6.32565e+07      +/- 5.874e+06    (9.286%)
d               = -313.761         +/- 121.1        (38.6%)

correlation matrix of the fit parameters:
                c      d      
c               1.000 
d              -0.732  1.000 


*******************************************************************************
Mon Dec  2 17:37:53 2024


FIT:    data read from './src/output/fortran_out.txt' using 3:(p($1))
        format = x:z
        #datapoints = 58
        residuals are weighted equally (unit weight)

function used for fitting: f(x)
	f(x) = a * exp(b * x)
fitted parameters initialized with current variable values


Current data point
=========================
#               = 1 out of 58
x               = 1              
z               = 0.00060734     

Current set of parameters
=========================
a               = 1              
b               = 1              

BREAK: Undefined value during function evaluation

*******************************************************************************
Mon Dec  2 17:37:53 2024


FIT:    data read from './src/output/fortran_out_multithread.txt' using 3:(p($1))
        format = x:z
        #datapoints = 70
        residuals are weighted equally (unit weight)

function used for fitting: g(x)
	g(x) = c * exp(d * x)
fitted parameters initialized with current variable values


Current data point
=========================
#               = 1 out of 70
x               = 1              
z               = 4.72943e-05    

Current set of parameters
=========================
c               = 1              
d               = 1              

BREAK: Undefined value during function evaluation

*******************************************************************************
Mon Dec  2 17:38:35 2024


FIT:    data read from './src/output/fortran_out.txt' using 3:(p($1))
        format = x:z
        #datapoints = 58
        residuals are weighted equally (unit weight)

function used for fitting: f(x)
	f(x) = a * exp(b * x)
fitted parameters initialized with current variable values


Current data point
=========================
#               = 1 out of 58
x               = 1              
z               = 0.00060734     

Current set of parameters
=========================
a               = 1              
b               = 1              

BREAK: Undefined value during function evaluation

*******************************************************************************
Mon Dec  2 17:38:35 2024


FIT:    data read from './src/output/fortran_out_multithread.txt' using 3:(p($1))
        format = x:z
        #datapoints = 70
        residuals are weighted equally (unit weight)

function used for fitting: g(x)
	g(x) = c * exp(d * x)
fitted parameters initialized with current variable values


Current data point
=========================
#               = 1 out of 70
x               = 1              
z               = 4.72943e-05    

Current set of parameters
=========================
c               = 1              
d               = 1              

BREAK: Undefined value during function evaluation

*******************************************************************************
Mon Dec  2 17:39:03 2024


FIT:    data read from './src/output/fortran_out.txt' using (p($1)):3
        format = x:z
        #datapoints = 58
        residuals are weighted equally (unit weight)

function used for fitting: f(x)
	f(x) = a * exp(b * x)
fitted parameters initialized with current variable values

iter      chisq       delta/lim  lambda   a             b            
   0 1.9814599471e+17   0.00e+00  7.08e-01    1.000000e+00   1.000000e+00
  21 3.4945532146e+16  -9.52e-03  7.08e-05    6.969391e+07  -4.330058e+02

After 21 iterations the fit converged.
final sum of squares of residuals : 3.49455e+16
rel. change during last iteration : -9.51972e-08

degrees of freedom    (FIT_NDF)                        : 56
rms of residuals      (FIT_STDFIT) = sqrt(WSSR/ndf)    : 2.49805e+07
variance of residuals (reduced chisquare) = WSSR/ndf   : 6.24027e+14

Final set of parameters            Asymptotic Standard Error
=======================            ==========================
a               = 6.96939e+07      +/- 6.381e+06    (9.155%)
b               = -433.006         +/- 134.1        (30.97%)

correlation matrix of the fit parameters:
                a      b      
a               1.000 
b              -0.737  1.000 


*******************************************************************************
Mon Dec  2 17:39:03 2024


FIT:    data read from './src/output/fortran_out_multithread.txt' using (p($1)):3
        format = x:z
        #datapoints = 70
        residuals are weighted equally (unit weight)

function used for fitting: g(x)
	g(x) = c * exp(d * x)
fitted parameters initialized with current variable values

iter      chisq       delta/lim  lambda   c             d            
   0 2.3198499324e+17   0.00e+00  7.08e-01    1.000000e+00   1.000000e+00
  54 4.9599711138e+16  -7.97e-01  7.08e-06    6.325647e+07  -3.137610e+02

After 54 iterations the fit converged.
final sum of squares of residuals : 4.95997e+16
rel. change during last iteration : -7.96912e-06

degrees of freedom    (FIT_NDF)                        : 68
rms of residuals      (FIT_STDFIT) = sqrt(WSSR/ndf)    : 2.70075e+07
variance of residuals (reduced chisquare) = WSSR/ndf   : 7.29408e+14

Final set of parameters            Asymptotic Standard Error
=======================            ==========================
c               = 6.32565e+07      +/- 5.874e+06    (9.286%)
d               = -313.761         +/- 121.1        (38.6%)

correlation matrix of the fit parameters:
                c      d      
c               1.000 
d              -0.732  1.000 


*******************************************************************************
Mon Dec  2 17:39:45 2024


FIT:    data read from './src/output/fortran_out.txt' using 3:(p($1))
        format = x:z
        #datapoints = 58
        residuals are weighted equally (unit weight)

function used for fitting: f(x)
	f(x) = a * exp(b * x)
fitted parameters initialized with current variable values


Current data point
=========================
#               = 1 out of 58
x               = 1              
z               = 0.00060734     

Current set of parameters
=========================
a               = 1              
b               = 1              

BREAK: Undefined value during function evaluation

*******************************************************************************
Mon Dec  2 17:39:45 2024


FIT:    data read from './src/output/fortran_out_multithread.txt' using 3:(p($1))
        format = x:z
        #datapoints = 70
        residuals are weighted equally (unit weight)

function used for fitting: g(x)
	g(x) = c * exp(d * x)
fitted parameters initialized with current variable values


Current data point
=========================
#               = 1 out of 70
x               = 1              
z               = 4.72943e-05    

Current set of parameters
=========================
c               = 1              
d               = 1              

BREAK: Undefined value during function evaluation

*******************************************************************************
Mon Dec  2 17:40:10 2024


FIT:    data read from './src/output/fortran_out.txt' using 3:(p($1))
        format = x:z
        #datapoints = 58
        residuals are weighted equally (unit weight)

function used for fitting: f(x)
	f(x) = a * exp(b * x)
fitted parameters initialized with current variable values


Current data point
=========================
#               = 1 out of 58
x               = 1              
z               = 0.00060734     

Current set of parameters
=========================
a               = 1              
b               = 1              

BREAK: Undefined value during function evaluation

*******************************************************************************
Mon Dec  2 17:40:10 2024


FIT:    data read from './src/output/fortran_out_multithread.txt' using 3:(p($1))
        format = x:z
        #datapoints = 70
        residuals are weighted equally (unit weight)

function used for fitting: g(x)
	g(x) = c * exp(d * x)
fitted parameters initialized with current variable values


Current data point
=========================
#               = 1 out of 70
x               = 1              
z               = 4.72943e-05    

Current set of parameters
=========================
c               = 1              
d               = 1              

BREAK: Undefined value during function evaluation

*******************************************************************************
Mon Dec  2 17:42:46 2024


FIT:    data read from './src/output/fortran_out.txt' using 3:(p($1))
        format = x:z
        #datapoints = 58
        residuals are weighted equally (unit weight)

function used for fitting: log(f(x))
	f(x) = a * exp(b * x)
fitted parameters initialized with current variable values


Current data point
=========================
#               = 1 out of 58
x               = 1              
z               = 0.00060734     

Current set of parameters
=========================
a               = 1              
b               = 1              

BREAK: Undefined value during function evaluation

*******************************************************************************
Mon Dec  2 17:42:47 2024


FIT:    data read from './src/output/fortran_out_multithread.txt' using 3:(p($1))
        format = x:z
        #datapoints = 70
        residuals are weighted equally (unit weight)

function used for fitting: log(g(x))
	g(x) = c * exp(d * x)
fitted parameters initialized with current variable values


Current data point
=========================
#               = 1 out of 70
x               = 1              
z               = 4.72943e-05    

Current set of parameters
=========================
c               = 1              
d               = 1              

BREAK: Undefined value during function evaluation

*******************************************************************************
Mon Dec  2 17:42:57 2024


FIT:    data read from './src/output/fortran_out.txt' using 3:(p($1))
        format = x:z
        #datapoints = 58
        residuals are weighted equally (unit weight)

function used for fitting: f(x)
	f(x) = a * exp(b * x)
fitted parameters initialized with current variable values


Current data point
=========================
#               = 1 out of 58
x               = 1              
z               = 0.00060734     

Current set of parameters
=========================
a               = 1              
b               = 1              

BREAK: Undefined value during function evaluation

*******************************************************************************
Mon Dec  2 17:42:57 2024


FIT:    data read from './src/output/fortran_out_multithread.txt' using 3:(p($1))
        format = x:z
        #datapoints = 70
        residuals are weighted equally (unit weight)

function used for fitting: g(x)
	g(x) = c * exp(d * x)
fitted parameters initialized with current variable values


Current data point
=========================
#               = 1 out of 70
x               = 1              
z               = 4.72943e-05    

Current set of parameters
=========================
c               = 1              
d               = 1              

BREAK: Undefined value during function evaluation